2024-04-05 05:53:03,180 : INFO : Start of Prediction
2024-04-05 05:53:03,180 : INFO : run_id:2024-04-05_055303_896403508
2024-04-05 05:53:03,180 : INFO : Start of Preprocessing...
2024-04-05 05:53:03,181 : INFO : Start of feature encoding...
2024-04-05 05:53:03,185 : INFO : End of feature encoding...
2024-04-05 05:53:03,186 : INFO : Start of Droping Columns...
2024-04-05 05:53:03,187 : INFO : End of Droping Columns...
2024-04-05 05:53:03,187 : INFO : Start of finding missing values...
2024-04-05 05:53:03,187 : INFO : End of finding missing values...
2024-04-05 05:53:03,188 : INFO : Start of building final predictset...
2024-04-05 05:53:03,194 : INFO : End of building final predictset...
2024-04-05 05:53:03,228 : INFO : End of Preprocessing...
2024-04-05 05:53:03,228 : INFO : Start of Load Model
2024-04-05 05:53:03,229 : INFO : Model File KMeans loaded
2024-04-05 05:53:03,229 : INFO : End of Load Model
2024-04-05 05:53:03,237 : ERROR : Unsuccessful End of Prediction
Traceback (most recent call last):
  File "C:\Users\Shaikh Anees\Downloads\endtoend-ml-projects-master\endtoend-ml-projects-master\EndtoEndML_v11\apps\prediction\predict_model.py", line 102, in single_predict_from_model
    clusters = kmeans.predict(self.X.drop(['empid'],axis=1))
               ^^^^^^^^^^^^^^^^^^^^^^^^^^^^^^^^^^^^^^^^^^^^^
  File "C:\Users\Shaikh Anees\AppData\Local\Programs\Python\Python312\Lib\site-packages\sklearn\cluster\_kmeans.py", line 1117, in predict
    n_threads=self._n_threads,
              ^^^^^^^^^^^^^^^
AttributeError: 'KMeans' object has no attribute '_n_threads'
