2024-04-05 06:04:43,290 : INFO : Start of Prediction
2024-04-05 06:04:43,291 : INFO : run_id:2024-04-05_060443_791095488
2024-04-05 06:04:43,291 : INFO : Start of Preprocessing...
2024-04-05 06:04:43,291 : INFO : Start of feature encoding...
2024-04-05 06:04:43,294 : INFO : End of feature encoding...
2024-04-05 06:04:43,295 : INFO : Start of Droping Columns...
2024-04-05 06:04:43,296 : INFO : End of Droping Columns...
2024-04-05 06:04:43,296 : INFO : Start of finding missing values...
2024-04-05 06:04:43,297 : INFO : End of finding missing values...
2024-04-05 06:04:43,297 : INFO : Start of building final predictset...
2024-04-05 06:04:43,310 : INFO : End of building final predictset...
2024-04-05 06:04:43,344 : INFO : End of Preprocessing...
2024-04-05 06:04:43,344 : INFO : Start of Load Model
2024-04-05 06:04:43,344 : INFO : Model File KMeans loaded
2024-04-05 06:04:43,345 : INFO : End of Load Model
2024-04-05 06:04:43,352 : ERROR : Unsuccessful End of Prediction
Traceback (most recent call last):
  File "C:\Users\Shaikh Anees\Downloads\endtoend-ml-projects-master\endtoend-ml-projects-master\EndtoEndML_v11\apps\prediction\predict_model.py", line 102, in single_predict_from_model
    clusters = kmeans.predict(self.X.drop(['empid'],axis=1))
               ^^^^^^^^^^^^^^^^^^^^^^^^^^^^^^^^^^^^^^^^^^^^^
  File "C:\Users\Shaikh Anees\AppData\Local\Programs\Python\Python312\Lib\site-packages\sklearn\cluster\_kmeans.py", line 1117, in predict
    n_threads=self._n_threads,
              ^^^^^^^^^^^^^^^
AttributeError: 'KMeans' object has no attribute '_n_threads'
