2024-04-05 05:38:30,609 : INFO : Start of Prediction
2024-04-05 05:38:30,609 : INFO : run_id:2024-04-05_053830_415613055
2024-04-05 05:38:30,610 : INFO : Start of Preprocessing...
2024-04-05 05:38:30,610 : INFO : Start of feature encoding...
2024-04-05 05:38:30,612 : INFO : End of feature encoding...
2024-04-05 05:38:30,613 : INFO : Start of Droping Columns...
2024-04-05 05:38:30,614 : INFO : End of Droping Columns...
2024-04-05 05:38:30,614 : INFO : Start of finding missing values...
2024-04-05 05:38:30,615 : INFO : End of finding missing values...
2024-04-05 05:38:30,615 : INFO : Start of building final predictset...
2024-04-05 05:38:30,623 : INFO : End of building final predictset...
2024-04-05 05:38:30,659 : INFO : End of Preprocessing...
2024-04-05 05:38:30,659 : INFO : Start of Load Model
2024-04-05 05:38:30,659 : INFO : Model File KMeans loaded
2024-04-05 05:38:30,659 : INFO : End of Load Model
2024-04-05 05:38:30,665 : ERROR : Unsuccessful End of Prediction
Traceback (most recent call last):
  File "C:\Users\Shaikh Anees\Downloads\endtoend-ml-projects-master\endtoend-ml-projects-master\EndtoEndML_v11\apps\prediction\predict_model.py", line 102, in single_predict_from_model
    clusters = kmeans.predict(self.X.drop(['empid'],axis=1))
               ^^^^^^^^^^^^^^^^^^^^^^^^^^^^^^^^^^^^^^^^^^^^^
  File "C:\Users\Shaikh Anees\AppData\Local\Programs\Python\Python312\Lib\site-packages\sklearn\cluster\_kmeans.py", line 1117, in predict
    n_threads=self._n_threads,
              ^^^^^^^^^^^^^^^
AttributeError: 'KMeans' object has no attribute '_n_threads'
