2024-04-05 05:33:11,007 : INFO : Start of Prediction
2024-04-05 05:33:11,007 : INFO : run_id:2024-04-05_053310_972052442
2024-04-05 05:33:11,008 : INFO : Start of Preprocessing...
2024-04-05 05:33:11,008 : INFO : Start of feature encoding...
2024-04-05 05:33:11,059 : INFO : End of feature encoding...
2024-04-05 05:33:11,062 : INFO : Start of Droping Columns...
2024-04-05 05:33:11,065 : INFO : End of Droping Columns...
2024-04-05 05:33:11,065 : INFO : Start of finding missing values...
2024-04-05 05:33:11,066 : INFO : End of finding missing values...
2024-04-05 05:33:11,066 : INFO : Start of building final predictset...
2024-04-05 05:33:11,077 : INFO : End of building final predictset...
2024-04-05 05:33:11,078 : INFO : End of Preprocessing...
2024-04-05 05:33:11,078 : INFO : Start of Load Model
2024-04-05 05:33:11,079 : INFO : Model File KMeans loaded
2024-04-05 05:33:11,079 : INFO : End of Load Model
2024-04-05 05:33:11,088 : ERROR : Unsuccessful End of Prediction
Traceback (most recent call last):
  File "C:\Users\Shaikh Anees\Downloads\endtoend-ml-projects-master\endtoend-ml-projects-master\EndtoEndML_v11\apps\prediction\predict_model.py", line 102, in single_predict_from_model
    clusters = kmeans.predict(self.X.drop(['empid'],axis=1))
               ^^^^^^^^^^^^^^^^^^^^^^^^^^^^^^^^^^^^^^^^^^^^^
  File "C:\Users\Shaikh Anees\AppData\Local\Programs\Python\Python312\Lib\site-packages\sklearn\cluster\_kmeans.py", line 1117, in predict
    n_threads=self._n_threads,
              ^^^^^^^^^^^^^^^
AttributeError: 'KMeans' object has no attribute '_n_threads'
